::1 - - [02/Jun/2021:10:16:05 +0300] "GET / HTTP/1.1" 200 4814
::1 - - [02/Jun/2021:10:16:18 +0300] "GET /assets/styles/css/themes/lite-purple.min.css HTTP/1.1" 304 -
::1 - - [02/Jun/2021:10:16:18 +0300] "GET /assets/images/ushauri_logo.png HTTP/1.1" 304 -
::1 - - [02/Jun/2021:10:16:18 +0300] "GET /assets/images/login/moh.png HTTP/1.1" 304 -
::1 - - [02/Jun/2021:10:16:18 +0300] "GET /assets/images/login/CDC-LOGO.jpg HTTP/1.1" 304 -
::1 - - [02/Jun/2021:10:16:18 +0300] "GET /assets/images/login/logo_3.png HTTP/1.1" 304 -
::1 - - [02/Jun/2021:10:16:18 +0300] "GET /assets/js/script.js HTTP/1.1" 304 -
::1 - - [02/Jun/2021:10:16:18 +0300] "GET /assets/js/common-bundle-script.js HTTP/1.1" 304 -
::1 - - [02/Jun/2021:10:16:18 +0300] "GET /favicon.ico HTTP/1.1" 200 -
::1 - - [02/Jun/2021:10:16:20 +0300] "POST /login HTTP/1.1" 302 414
::1 - - [02/Jun/2021:10:16:22 +0300] "GET /Reports/dashboard HTTP/1.1" 200 43482
::1 - - [02/Jun/2021:10:16:25 +0300] "GET /assets/fonts/iconsmind/iconsmind.css HTTP/1.1" 304 -
::1 - - [02/Jun/2021:10:16:25 +0300] "GET /assets/styles/vendor/perfect-scrollbar.css HTTP/1.1" 304 -
::1 - - [02/Jun/2021:10:16:25 +0300] "GET /assets/images/ushauri.jpeg HTTP/1.1" 304 -
::1 - - [02/Jun/2021:10:16:25 +0300] "GET /assets/images/moh.png HTTP/1.1" 304 -
::1 - - [02/Jun/2021:10:16:25 +0300] "GET /assets/js/es5/dashboard.v1.script.js HTTP/1.1" 304 -
::1 - - [02/Jun/2021:10:16:25 +0300] "GET /assets/images/NASCOP_Logo.png HTTP/1.1" 304 -
::1 - - [02/Jun/2021:10:16:25 +0300] "GET /assets/js/sidebar.large.script.js HTTP/1.1" 304 -
::1 - - [02/Jun/2021:10:16:25 +0300] "GET /assets/js/customizer.script.js HTTP/1.1" 304 -
::1 - - [02/Jun/2021:10:16:25 +0300] "GET /assets/js/alerts.js HTTP/1.1" 304 -
::1 - - [02/Jun/2021:10:16:29 +0300] "GET /assets/fonts/iconsmind/iconsmind.ttf?ioqkm7 HTTP/1.1" 304 -
::1 - - [02/Jun/2021:10:16:42 +0300] "GET /filter_dashboard HTTP/1.1" 200 219
::1 - - [02/Jun/2021:10:30:38 +0300] "GET /broadcast HTTP/1.1" 500 588068
::1 - - [02/Jun/2021:10:32:23 +0300] "GET /broadcast HTTP/1.1" 500 617071
::1 - - [02/Jun/2021:10:32:36 +0300] "GET /favicon.ico HTTP/1.1" 200 -
::1 - - [02/Jun/2021:10:33:29 +0300] "GET /broadcast HTTP/1.1" 200 1794556
::1 - - [02/Jun/2021:10:33:53 +0300] "GET /favicon.ico HTTP/1.1" 200 -
::1 - - [02/Jun/2021:10:35:01 +0300] "GET /broadcast HTTP/1.1" 200 33652
::1 - - [02/Jun/2021:10:35:25 +0300] "GET /favicon.ico HTTP/1.1" 200 -
::1 - - [02/Jun/2021:10:37:14 +0300] "GET /broadcast HTTP/1.1" 200 33670
::1 - - [02/Jun/2021:10:37:38 +0300] "GET /favicon.ico HTTP/1.1" 200 -
::1 - - [02/Jun/2021:10:45:00 +0300] "GET /broadcast HTTP/1.1" 500 638406
::1 - - [02/Jun/2021:10:45:02 +0300] "GET /favicon.ico HTTP/1.1" 200 -
::1 - - [02/Jun/2021:10:46:33 +0300] "GET /broadcast HTTP/1.1" 500 638405
::1 - - [02/Jun/2021:10:46:34 +0300] "GET /favicon.ico HTTP/1.1" 200 -
::1 - - [02/Jun/2021:10:53:36 +0300] "GET /broadcast HTTP/1.1" 200 33112
::1 - - [02/Jun/2021:10:53:37 +0300] "GET /assets/js/laravel/app.js HTTP/1.1" 200 177839
::1 - - [02/Jun/2021:10:53:38 +0300] "GET /favicon.ico HTTP/1.1" 200 -
::1 - - [02/Jun/2021:10:54:01 +0300] "GET /broadcast HTTP/1.1" 200 33121
::1 - - [02/Jun/2021:10:54:02 +0300] "GET /favicon.ico HTTP/1.1" 200 -
::1 - - [02/Jun/2021:10:58:57 +0300] "GET /broadcast HTTP/1.1" 200 33597
::1 - - [02/Jun/2021:10:58:59 +0300] "GET /favicon.ico HTTP/1.1" 200 -
::1 - - [02/Jun/2021:11:06:16 +0300] "GET /broadcast HTTP/1.1" 200 33746
::1 - - [02/Jun/2021:11:06:19 +0300] "GET /favicon.ico HTTP/1.1" 200 -
::1 - - [02/Jun/2021:11:07:22 +0300] "GET /broadcast HTTP/1.1" 200 34235
::1 - - [02/Jun/2021:11:07:24 +0300] "GET /favicon.ico HTTP/1.1" 200 -
::1 - - [02/Jun/2021:11:09:34 +0300] "GET /broadcast HTTP/1.1" 200 34320
::1 - - [02/Jun/2021:11:09:36 +0300] "GET /favicon.ico HTTP/1.1" 200 -
::1 - - [02/Jun/2021:11:10:46 +0300] "GET /broadcast HTTP/1.1" 200 34399
::1 - - [02/Jun/2021:11:10:48 +0300] "GET /favicon.ico HTTP/1.1" 200 -
::1 - - [02/Jun/2021:11:11:05 +0300] "GET /assets/js/bootstrap.bundle.min.js.map HTTP/1.1" 404 6609
::1 - - [02/Jun/2021:11:13:20 +0300] "GET /broadcast HTTP/1.1" 200 34584
::1 - - [02/Jun/2021:11:13:23 +0300] "GET /favicon.ico HTTP/1.1" 200 -
::1 - - [02/Jun/2021:11:13:23 +0300] "GET /assets/js/bootstrap.bundle.min.js.map HTTP/1.1" 404 6609
::1 - - [02/Jun/2021:11:14:06 +0300] "GET /broadcast HTTP/1.1" 200 34490
::1 - - [02/Jun/2021:11:14:07 +0300] "GET /favicon.ico HTTP/1.1" 200 -
::1 - - [02/Jun/2021:11:14:07 +0300] "GET /assets/js/bootstrap.bundle.min.js.map HTTP/1.1" 404 6609
::1 - - [02/Jun/2021:11:16:48 +0300] "GET /broadcast HTTP/1.1" 200 34628
::1 - - [02/Jun/2021:11:16:49 +0300] "GET /favicon.ico HTTP/1.1" 200 -
::1 - - [02/Jun/2021:11:16:49 +0300] "GET /assets/js/bootstrap.bundle.min.js.map HTTP/1.1" 404 6609
::1 - - [02/Jun/2021:11:20:05 +0300] "GET /broadcast HTTP/1.1" 200 34628
::1 - - [02/Jun/2021:11:20:07 +0300] "GET /favicon.ico HTTP/1.1" 200 -
::1 - - [02/Jun/2021:11:20:07 +0300] "GET /assets/js/bootstrap.bundle.min.js.map HTTP/1.1" 404 6609
::1 - - [02/Jun/2021:11:29:34 +0300] "GET /broadcast HTTP/1.1" 500 638163
::1 - - [02/Jun/2021:11:29:36 +0300] "GET /favicon.ico HTTP/1.1" 200 -
::1 - - [02/Jun/2021:11:29:59 +0300] "GET /broadcast HTTP/1.1" 200 34731
::1 - - [02/Jun/2021:11:30:00 +0300] "GET /assets/js/vendor/jquery-3.3.1.min.js HTTP/1.1" 200 86927
::1 - - [02/Jun/2021:11:30:01 +0300] "GET /favicon.ico HTTP/1.1" 200 -
::1 - - [02/Jun/2021:11:30:00 +0300] "GET /assets/js/bootstrap.bundle.min.js.map HTTP/1.1" 404 6609
::1 - - [02/Jun/2021:11:30:53 +0300] "GET /broadcast HTTP/1.1" 200 34834
::1 - - [02/Jun/2021:11:30:54 +0300] "GET /favicon.ico HTTP/1.1" 200 -
::1 - - [02/Jun/2021:11:30:54 +0300] "GET /assets/js/bootstrap.bundle.min.js.map HTTP/1.1" 404 6609
::1 - - [02/Jun/2021:11:31:10 +0300] "GET /broadcast HTTP/1.1" 200 34834
::1 - - [02/Jun/2021:11:31:12 +0300] "GET /favicon.ico HTTP/1.1" 200 -
::1 - - [02/Jun/2021:11:31:12 +0300] "GET /assets/js/bootstrap.bundle.min.js.map HTTP/1.1" 404 6609
::1 - - [02/Jun/2021:11:31:56 +0300] "GET /broadcast HTTP/1.1" 200 34628
::1 - - [02/Jun/2021:11:31:57 +0300] "GET /favicon.ico HTTP/1.1" 200 -
::1 - - [02/Jun/2021:11:31:57 +0300] "GET /assets/js/bootstrap.bundle.min.js.map HTTP/1.1" 404 6609
::1 - - [02/Jun/2021:11:32:27 +0300] "GET /broadcast HTTP/1.1" 200 34630
::1 - - [02/Jun/2021:11:32:29 +0300] "GET /favicon.ico HTTP/1.1" 200 -
::1 - - [02/Jun/2021:11:32:29 +0300] "GET /assets/js/bootstrap.bundle.min.js.map HTTP/1.1" 404 6609
::1 - - [02/Jun/2021:11:36:11 +0300] "GET /broadcast HTTP/1.1" 200 34630
::1 - - [02/Jun/2021:11:36:13 +0300] "GET /favicon.ico HTTP/1.1" 200 -
::1 - - [02/Jun/2021:11:36:13 +0300] "GET /assets/js/bootstrap.bundle.min.js.map HTTP/1.1" 404 6609
::1 - - [02/Jun/2021:11:38:47 +0300] "GET /broadcast HTTP/1.1" 200 34721
::1 - - [02/Jun/2021:11:38:49 +0300] "GET /favicon.ico HTTP/1.1" 200 -
::1 - - [02/Jun/2021:11:38:49 +0300] "GET /assets/js/bootstrap.bundle.min.js.map HTTP/1.1" 404 6609
::1 - - [02/Jun/2021:11:39:31 +0300] "GET /broadcast HTTP/1.1" 200 34721
::1 - - [02/Jun/2021:11:39:32 +0300] "GET /favicon.ico HTTP/1.1" 200 -
::1 - - [02/Jun/2021:11:39:32 +0300] "GET /assets/js/bootstrap.bundle.min.js.map HTTP/1.1" 404 6609
::1 - - [02/Jun/2021:11:41:41 +0300] "GET /broadcast HTTP/1.1" 200 34721
::1 - - [02/Jun/2021:11:41:43 +0300] "GET /favicon.ico HTTP/1.1" 200 -
::1 - - [02/Jun/2021:11:41:43 +0300] "GET /assets/js/bootstrap.bundle.min.js.map HTTP/1.1" 404 6609
::1 - - [02/Jun/2021:11:43:27 +0300] "GET /broadcast HTTP/1.1" 200 34721
::1 - - [02/Jun/2021:11:43:28 +0300] "GET /favicon.ico HTTP/1.1" 200 -
::1 - - [02/Jun/2021:11:43:28 +0300] "GET /assets/js/bootstrap.bundle.min.js.map HTTP/1.1" 404 6609
::1 - - [02/Jun/2021:11:45:52 +0300] "GET /broadcast HTTP/1.1" 200 34721
::1 - - [02/Jun/2021:11:45:54 +0300] "GET /favicon.ico HTTP/1.1" 200 -
::1 - - [02/Jun/2021:11:45:54 +0300] "GET /assets/js/bootstrap.bundle.min.js.map HTTP/1.1" 404 6609
::1 - - [02/Jun/2021:11:47:27 +0300] "GET /broadcast HTTP/1.1" 200 34454
::1 - - [02/Jun/2021:11:47:29 +0300] "GET /favicon.ico HTTP/1.1" 200 -
::1 - - [02/Jun/2021:11:47:29 +0300] "GET /assets/js/bootstrap.bundle.min.js.map HTTP/1.1" 404 6609
::1 - - [02/Jun/2021:11:48:53 +0300] "GET /broadcast HTTP/1.1" 200 34440
::1 - - [02/Jun/2021:11:48:55 +0300] "GET /favicon.ico HTTP/1.1" 200 -
::1 - - [02/Jun/2021:11:48:55 +0300] "GET /assets/js/bootstrap.bundle.min.js.map HTTP/1.1" 404 6609
::1 - - [02/Jun/2021:11:49:18 +0300] "GET /Reports/dashboard HTTP/1.1" 200 43711
::1 - - [02/Jun/2021:11:49:20 +0300] "GET /filter_dashboard HTTP/1.1" 200 219
::1 - - [02/Jun/2021:11:49:25 +0300] "GET /assets/js/bootstrap.bundle.min.js.map HTTP/1.1" 404 6609
::1 - - [02/Jun/2021:11:49:31 +0300] "GET /get_dashboard_counties/1 HTTP/1.1" 200 2
::1 - - [02/Jun/2021:11:49:33 +0300] "GET /get_dashboard_counties/4 HTTP/1.1" 200 2
::1 - - [02/Jun/2021:11:50:01 +0300] "GET /Reports/dashboard HTTP/1.1" 200 43731
::1 - - [02/Jun/2021:11:50:03 +0300] "GET /favicon.ico HTTP/1.1" 200 -
::1 - - [02/Jun/2021:11:50:03 +0300] "GET /filter_dashboard HTTP/1.1" 200 219
::1 - - [02/Jun/2021:11:50:03 +0300] "GET /assets/js/bootstrap.bundle.min.js.map HTTP/1.1" 404 6609
::1 - - [02/Jun/2021:11:50:06 +0300] "GET /get_dashboard_counties/1 HTTP/1.1" 200 2
::1 - - [02/Jun/2021:11:52:34 +0300] "GET /broadcast HTTP/1.1" 200 34312
::1 - - [02/Jun/2021:11:54:10 +0300] "GET /assets/js/bootstrap.bundle.min.js.map HTTP/1.1" 404 6609
::1 - - [02/Jun/2021:11:54:37 +0300] "GET /broadcast HTTP/1.1" 200 33915
::1 - - [02/Jun/2021:11:54:38 +0300] "GET /favicon.ico HTTP/1.1" 200 -
::1 - - [02/Jun/2021:11:54:38 +0300] "GET /assets/js/bootstrap.bundle.min.js.map HTTP/1.1" 404 6609
::1 - - [02/Jun/2021:11:59:49 +0300] "GET /broadcast HTTP/1.1" 200 34677
::1 - - [02/Jun/2021:11:59:52 +0300] "GET /favicon.ico HTTP/1.1" 200 -
::1 - - [02/Jun/2021:11:59:52 +0300] "GET /assets/js/bootstrap.bundle.min.js.map HTTP/1.1" 404 6609
::1 - - [02/Jun/2021:12:00:15 +0300] "GET /broadcast HTTP/1.1" 200 34679
::1 - - [02/Jun/2021:12:00:16 +0300] "GET /favicon.ico HTTP/1.1" 200 -
::1 - - [02/Jun/2021:12:00:16 +0300] "GET /assets/js/bootstrap.bundle.min.js.map HTTP/1.1" 404 6609
::1 - - [02/Jun/2021:12:01:40 +0300] "GET /broadcast HTTP/1.1" 200 34700
::1 - - [02/Jun/2021:12:01:41 +0300] "GET /favicon.ico HTTP/1.1" 200 -
::1 - - [02/Jun/2021:12:01:41 +0300] "GET /assets/js/bootstrap.bundle.min.js.map HTTP/1.1" 404 6609
::1 - - [02/Jun/2021:12:02:44 +0300] "GET /broadcast HTTP/1.1" 200 33769
::1 - - [02/Jun/2021:12:02:45 +0300] "GET /favicon.ico HTTP/1.1" 200 -
::1 - - [02/Jun/2021:12:02:45 +0300] "GET /assets/js/bootstrap.bundle.min.js.map HTTP/1.1" 404 6609
::1 - - [02/Jun/2021:12:03:29 +0300] "GET /broadcast HTTP/1.1" 200 33778
::1 - - [02/Jun/2021:12:03:29 +0300] "GET /favicon.ico HTTP/1.1" 200 -
::1 - - [02/Jun/2021:12:04:36 +0300] "GET /broadcast HTTP/1.1" 200 33777
::1 - - [02/Jun/2021:12:04:37 +0300] "GET /favicon.ico HTTP/1.1" 200 -
::1 - - [02/Jun/2021:12:07:12 +0300] "GET /broadcast HTTP/1.1" 200 33795
::1 - - [02/Jun/2021:12:07:13 +0300] "GET /favicon.ico HTTP/1.1" 200 -
::1 - - [02/Jun/2021:12:07:29 +0300] "GET /broadcast HTTP/1.1" 200 33794
::1 - - [02/Jun/2021:12:07:30 +0300] "GET /favicon.ico HTTP/1.1" 200 -
::1 - - [02/Jun/2021:12:08:02 +0300] "GET /broadcast HTTP/1.1" 200 33795
::1 - - [02/Jun/2021:12:08:03 +0300] "GET /favicon.ico HTTP/1.1" 200 -
::1 - - [02/Jun/2021:12:09:09 +0300] "GET /broadcast HTTP/1.1" 200 33795
::1 - - [02/Jun/2021:12:09:10 +0300] "GET /favicon.ico HTTP/1.1" 200 -
::1 - - [02/Jun/2021:12:09:53 +0300] "GET /broadcast HTTP/1.1" 200 33772
::1 - - [02/Jun/2021:12:09:54 +0300] "GET /favicon.ico HTTP/1.1" 200 -
::1 - - [02/Jun/2021:12:17:00 +0300] "GET /broadcast HTTP/1.1" 200 33797
::1 - - [02/Jun/2021:12:17:01 +0300] "GET /favicon.ico HTTP/1.1" 200 -
::1 - - [02/Jun/2021:12:18:05 +0300] "GET /broadcast HTTP/1.1" 200 33785
::1 - - [02/Jun/2021:12:18:06 +0300] "GET /favicon.ico HTTP/1.1" 200 -
::1 - - [02/Jun/2021:12:18:31 +0300] "GET /broadcast HTTP/1.1" 200 33774
::1 - - [02/Jun/2021:12:18:32 +0300] "GET /favicon.ico HTTP/1.1" 200 -
::1 - - [02/Jun/2021:12:18:40 +0300] "GET /assets/js/bootstrap.bundle.min.js.map HTTP/1.1" 404 6609
::1 - - [02/Jun/2021:12:20:38 +0300] "GET /broadcast HTTP/1.1" 200 33762
::1 - - [02/Jun/2021:12:20:38 +0300] "GET /favicon.ico HTTP/1.1" 200 -
::1 - - [02/Jun/2021:12:20:38 +0300] "GET /assets/js/bootstrap.bundle.min.js.map HTTP/1.1" 404 6609
::1 - - [02/Jun/2021:12:21:08 +0300] "GET /broadcast HTTP/1.1" 200 33758
::1 - - [02/Jun/2021:12:21:09 +0300] "GET /favicon.ico HTTP/1.1" 200 -
::1 - - [02/Jun/2021:12:21:09 +0300] "GET /assets/js/bootstrap.bundle.min.js.map HTTP/1.1" 404 6609
::1 - - [02/Jun/2021:12:23:11 +0300] "GET /broadcast HTTP/1.1" 200 33762
::1 - - [02/Jun/2021:12:23:13 +0300] "GET /favicon.ico HTTP/1.1" 200 -
::1 - - [02/Jun/2021:12:23:13 +0300] "GET /assets/js/bootstrap.bundle.min.js.map HTTP/1.1" 404 6609
::1 - - [02/Jun/2021:12:26:04 +0300] "GET /broadcast HTTP/1.1" 200 33982
::1 - - [02/Jun/2021:12:26:05 +0300] "GET /favicon.ico HTTP/1.1" 200 -
::1 - - [02/Jun/2021:12:26:05 +0300] "GET /assets/js/bootstrap.bundle.min.js.map HTTP/1.1" 404 6609
::1 - - [02/Jun/2021:12:27:43 +0300] "GET /broadcast HTTP/1.1" 200 33874
::1 - - [02/Jun/2021:12:27:43 +0300] "GET /favicon.ico HTTP/1.1" 200 -
::1 - - [02/Jun/2021:12:27:43 +0300] "GET /assets/js/bootstrap.bundle.min.js.map HTTP/1.1" 404 6609
::1 - - [02/Jun/2021:12:28:24 +0300] "GET /broadcast HTTP/1.1" 200 33857
::1 - - [02/Jun/2021:12:28:24 +0300] "GET /favicon.ico HTTP/1.1" 200 -
::1 - - [02/Jun/2021:12:28:24 +0300] "GET /assets/js/bootstrap.bundle.min.js.map HTTP/1.1" 404 6609
